Arguments: 
  D:\Programme\NodeJS\node.exe C:\Users\shakespace\AppData\Roaming\npm\node_modules\yarn\bin\yarn.js add react-native --exact

PATH: 
  D:\Programme\Python2.7\;D:\Programme\Python2.7\Scripts;C:\ProgramData\Oracle\Java\javapath;C:\Program Files (x86)\Intel\iCLS Client\;C:\Program Files\Intel\iCLS Client\;C:\Windows\system32;C:\Windows;C:\Windows\System32\Wbem;C:\Windows\System32\WindowsPowerShell\v1.0\;C:\Program Files (x86)\Intel\Intel(R) Management Engine Components\DAL;C:\Program Files\Intel\Intel(R) Management Engine Components\DAL;C:\Program Files (x86)\Intel\Intel(R) Management Engine Components\IPT;C:\Program Files\Intel\Intel(R) Management Engine Components\IPT;C:\Program Files (x86)\NVIDIA Corporation\PhysX\Common;D:\Programme\NodeJS\;C:\Users\shakespace\AppData\Local\Microsoft\WindowsApps;;D:\Programme\VSCode\bin;C:\Users\shakespace\AppData\Roaming\npm

Yarn version: 
  1.5.1

Node version: 
  8.9.3

Platform: 
  win32 x64

npm manifest: 
  {"name":"LearnRN","version":"0.0.1","private":true,"scripts":{"start":"node node_modules/react-native/local-cli/cli.js start"}}

yarn manifest: 
  No manifest

Lockfile: 
  No lockfile

Trace: 
  Error: Couldn't find package "art@^0.10.0" required by "react-native" on the "npm" registry.
      at new MessageError (C:\Users\shakespace\AppData\Roaming\npm\node_modules\yarn\lib\cli.js:186:110)
      at PackageRequest.<anonymous> (C:\Users\shakespace\AppData\Roaming\npm\node_modules\yarn\lib\cli.js:36274:17)
      at Generator.throw (<anonymous>)
      at step (C:\Users\shakespace\AppData\Roaming\npm\node_modules\yarn\lib\cli.js:98:30)
      at C:\Users\shakespace\AppData\Roaming\npm\node_modules\yarn\lib\cli.js:111:13
      at <anonymous>
      at process._tickCallback (internal/process/next_tick.js:188:7)
